2020-07-06T07:36:21.4865937+05:30 [INF] () You can clap up to 50 times per post!
2020-07-06T07:36:21.6394835+05:30 [ERR] () You forgot to follow me for more programming made simple articles!
2020-07-06T07:36:22.0519509+05:30 [INF] (Microsoft.Hosting.Lifetime) Application started. Press Ctrl+C to shut down.
2020-07-06T07:36:22.0547013+05:30 [INF] (Microsoft.Hosting.Lifetime) Hosting environment: "Development"
2020-07-06T07:36:22.0707790+05:30 [INF] (Microsoft.Hosting.Lifetime) Content root path: "C:\Users\Charitha\Documents\dev\ShoppingCart\ShoppingCartApi\ShoppingCart\ShoppingCart.Api"
2020-07-06T09:13:52.2663793+05:30 [INF] () You can clap up to 50 times per post!
2020-07-06T09:13:52.3077098+05:30 [ERR] () You forgot to follow me for more programming made simple articles!
2020-07-06T09:13:52.3507907+05:30 [INF] (Microsoft.Hosting.Lifetime) Application started. Press Ctrl+C to shut down.
2020-07-06T09:13:52.3596099+05:30 [INF] (Microsoft.Hosting.Lifetime) Hosting environment: "Development"
2020-07-06T09:13:52.3606682+05:30 [INF] (Microsoft.Hosting.Lifetime) Content root path: "C:\Users\Charitha\Documents\dev\ShoppingCart\ShoppingCartApi\ShoppingCart\ShoppingCart.Api"
2020-07-06T09:20:00.5739460+05:30 [INF] () You can clap up to 50 times per post!
2020-07-06T09:20:00.6095227+05:30 [ERR] () You forgot to follow me for more programming made simple articles!
2020-07-06T09:20:00.6478585+05:30 [INF] (Microsoft.Hosting.Lifetime) Application started. Press Ctrl+C to shut down.
2020-07-06T09:20:00.6563780+05:30 [INF] (Microsoft.Hosting.Lifetime) Hosting environment: "Development"
2020-07-06T09:20:00.6647790+05:30 [INF] (Microsoft.Hosting.Lifetime) Content root path: "C:\Users\Charitha\Documents\dev\ShoppingCart\ShoppingCartApi\ShoppingCart\ShoppingCart.Api"
2020-07-06T09:25:52.6751397+05:30 [INF] () You can clap up to 50 times per post!
2020-07-06T09:25:52.7115857+05:30 [ERR] () You forgot to follow me for more programming made simple articles!
2020-07-06T09:25:52.7581956+05:30 [INF] (Microsoft.Hosting.Lifetime) Application started. Press Ctrl+C to shut down.
2020-07-06T09:25:52.7594486+05:30 [INF] (Microsoft.Hosting.Lifetime) Hosting environment: "Development"
2020-07-06T09:25:52.7665462+05:30 [INF] (Microsoft.Hosting.Lifetime) Content root path: "C:\Users\Charitha\Documents\dev\ShoppingCart\ShoppingCartApi\ShoppingCart\ShoppingCart.Api"
2020-07-06T09:26:05.9846650+05:30 [ERR] () Microsoft.AspNetCore.Mvc.JsonResult
2020-07-06T09:30:15.8444870+05:30 [INF] () You can clap up to 50 times per post!
2020-07-06T09:30:15.8825842+05:30 [ERR] () You forgot to follow me for more programming made simple articles!
2020-07-06T09:30:15.9227641+05:30 [INF] (Microsoft.Hosting.Lifetime) Application started. Press Ctrl+C to shut down.
2020-07-06T09:30:15.9298651+05:30 [INF] (Microsoft.Hosting.Lifetime) Hosting environment: "Development"
2020-07-06T09:30:15.9370511+05:30 [INF] (Microsoft.Hosting.Lifetime) Content root path: "C:\Users\Charitha\Documents\dev\ShoppingCart\ShoppingCartApi\ShoppingCart\ShoppingCart.Api"
2020-07-06T09:30:19.1246894+05:30 [ERR] () Test Exception
2020-07-06T09:58:32.2382697+05:30 [INF] (Microsoft.Hosting.Lifetime) Application started. Press Ctrl+C to shut down.
2020-07-06T09:58:32.3015012+05:30 [INF] (Microsoft.Hosting.Lifetime) Hosting environment: "Development"
2020-07-06T09:58:32.3028080+05:30 [INF] (Microsoft.Hosting.Lifetime) Content root path: "C:\Users\Charitha\Documents\dev\ShoppingCart\ShoppingCartApi\ShoppingCart\ShoppingCart.Api"
2020-07-06T09:59:11.8696015+05:30 [ERR] () Test Exception product
2020-07-06T10:01:22.4691805+05:30 [ERR] () Test Exception product
2020-07-06T10:09:30.7185015+05:30 [INF] (Microsoft.Hosting.Lifetime) Application started. Press Ctrl+C to shut down.
2020-07-06T10:09:30.7837962+05:30 [INF] (Microsoft.Hosting.Lifetime) Hosting environment: "Development"
2020-07-06T10:09:30.7848360+05:30 [INF] (Microsoft.Hosting.Lifetime) Content root path: "C:\Users\Charitha\Documents\dev\ShoppingCart\ShoppingCartApi\ShoppingCart\ShoppingCart.Api"
