2020-07-07T09:24:39.9970836+05:30 [INF] (Microsoft.Hosting.Lifetime) Application started. Press Ctrl+C to shut down.
2020-07-07T09:24:40.1821784+05:30 [INF] (Microsoft.Hosting.Lifetime) Hosting environment: "Development"
2020-07-07T09:24:40.1878039+05:30 [INF] (Microsoft.Hosting.Lifetime) Content root path: "C:\Users\Charitha\Documents\dev\ShoppingCart\ShoppingCartApi\ShoppingCart\ShoppingCart.Api"
2020-07-07T09:31:52.5557158+05:30 [INF] (Microsoft.Hosting.Lifetime) Application started. Press Ctrl+C to shut down.
2020-07-07T09:31:52.6383941+05:30 [INF] (Microsoft.Hosting.Lifetime) Hosting environment: "Development"
2020-07-07T09:31:52.6401278+05:30 [INF] (Microsoft.Hosting.Lifetime) Content root path: "C:\Users\Charitha\Documents\dev\ShoppingCart\ShoppingCartApi\ShoppingCart\ShoppingCart.Api"
2020-07-07T09:32:44.6882246+05:30 [ERR] () Specified key is not a valid size for this algorithm.
2020-07-07T09:34:56.4950948+05:30 [INF] (Microsoft.Hosting.Lifetime) Application started. Press Ctrl+C to shut down.
2020-07-07T09:34:56.6292870+05:30 [INF] (Microsoft.Hosting.Lifetime) Hosting environment: "Development"
2020-07-07T09:34:56.6325825+05:30 [INF] (Microsoft.Hosting.Lifetime) Content root path: "C:\Users\Charitha\Documents\dev\ShoppingCart\ShoppingCartApi\ShoppingCart\ShoppingCart.Api"
2020-07-07T09:39:44.7884653+05:30 [INF] (Microsoft.Hosting.Lifetime) Application started. Press Ctrl+C to shut down.
2020-07-07T09:39:44.8603244+05:30 [INF] (Microsoft.Hosting.Lifetime) Hosting environment: "Development"
2020-07-07T09:39:44.8621901+05:30 [INF] (Microsoft.Hosting.Lifetime) Content root path: "C:\Users\Charitha\Documents\dev\ShoppingCart\ShoppingCartApi\ShoppingCart\ShoppingCart.Api"
2020-07-07T09:40:04.6846424+05:30 [ERR] () 'J' is an invalid end of a number. Expected a delimiter. Path: $ | LineNumber: 0 | BytePositionInLine: 1.
2020-07-07T16:11:32.7420589+05:30 [INF] (Microsoft.Hosting.Lifetime) Application started. Press Ctrl+C to shut down.
2020-07-07T16:11:33.4559300+05:30 [INF] (Microsoft.Hosting.Lifetime) Hosting environment: "Development"
2020-07-07T16:11:33.4593386+05:30 [INF] (Microsoft.Hosting.Lifetime) Content root path: "C:\Users\Charitha\Documents\dev\ShoppingCart\ShoppingCartApi\ShoppingCart\ShoppingCart.Api"
2020-07-07T16:11:57.9287773+05:30 [ERR] () An attempt was made to use the context while it is being configured. A DbContext instance cannot be used inside OnConfiguring since it is still being configured at this point. This can happen if a second operation is started on this context before a previous operation completed. Any instance members are not guaranteed to be thread safe.
2020-07-07T16:11:57.9287773+05:30 [ERR] () An attempt was made to use the context while it is being configured. A DbContext instance cannot be used inside OnConfiguring since it is still being configured at this point. This can happen if a second operation is started on this context before a previous operation completed. Any instance members are not guaranteed to be thread safe.
2020-07-07T16:12:05.1036663+05:30 [ERR] () A second operation started on this context before a previous operation completed. This is usually caused by different threads using the same instance of DbContext. For more information on how to avoid threading issues with DbContext, see https://go.microsoft.com/fwlink/?linkid=2097913.
2020-07-07T16:30:53.7010129+05:30 [INF] (Microsoft.Hosting.Lifetime) Application started. Press Ctrl+C to shut down.
2020-07-07T16:30:53.9840084+05:30 [INF] (Microsoft.Hosting.Lifetime) Hosting environment: "Development"
2020-07-07T16:30:53.9852754+05:30 [INF] (Microsoft.Hosting.Lifetime) Content root path: "C:\Users\Charitha\Documents\dev\ShoppingCart\ShoppingCartApi\ShoppingCart\ShoppingCart.Api"
2020-07-07T16:31:30.1868406+05:30 [INF] (Microsoft.Hosting.Lifetime) Application started. Press Ctrl+C to shut down.
2020-07-07T16:31:30.2824231+05:30 [INF] (Microsoft.Hosting.Lifetime) Hosting environment: "Development"
2020-07-07T16:31:30.2838436+05:30 [INF] (Microsoft.Hosting.Lifetime) Content root path: "C:\Users\Charitha\Documents\dev\ShoppingCart\ShoppingCartApi\ShoppingCart\ShoppingCart.Api"
2020-07-07T16:31:52.3984738+05:30 [ERR] () A second operation started on this context before a previous operation completed. This is usually caused by different threads using the same instance of DbContext. For more information on how to avoid threading issues with DbContext, see https://go.microsoft.com/fwlink/?linkid=2097913.
2020-07-07T16:35:16.3013309+05:30 [ERR] () A second operation started on this context before a previous operation completed. This is usually caused by different threads using the same instance of DbContext. For more information on how to avoid threading issues with DbContext, see https://go.microsoft.com/fwlink/?linkid=2097913.
2020-07-07T16:35:18.2738399+05:30 [ERR] () A second operation started on this context before a previous operation completed. This is usually caused by different threads using the same instance of DbContext. For more information on how to avoid threading issues with DbContext, see https://go.microsoft.com/fwlink/?linkid=2097913.
2020-07-07T16:35:25.3057468+05:30 [ERR] () A second operation started on this context before a previous operation completed. This is usually caused by different threads using the same instance of DbContext. For more information on how to avoid threading issues with DbContext, see https://go.microsoft.com/fwlink/?linkid=2097913.
2020-07-07T16:35:27.8689272+05:30 [ERR] () A second operation started on this context before a previous operation completed. This is usually caused by different threads using the same instance of DbContext. For more information on how to avoid threading issues with DbContext, see https://go.microsoft.com/fwlink/?linkid=2097913.
2020-07-07T16:35:31.5505745+05:30 [ERR] () A second operation started on this context before a previous operation completed. This is usually caused by different threads using the same instance of DbContext. For more information on how to avoid threading issues with DbContext, see https://go.microsoft.com/fwlink/?linkid=2097913.
2020-07-07T16:41:05.1978599+05:30 [ERR] () A second operation started on this context before a previous operation completed. This is usually caused by different threads using the same instance of DbContext. For more information on how to avoid threading issues with DbContext, see https://go.microsoft.com/fwlink/?linkid=2097913.
2020-07-07T16:41:47.9915856+05:30 [ERR] () A second operation started on this context before a previous operation completed. This is usually caused by different threads using the same instance of DbContext. For more information on how to avoid threading issues with DbContext, see https://go.microsoft.com/fwlink/?linkid=2097913.
2020-07-07T16:42:16.2404058+05:30 [ERR] () A second operation started on this context before a previous operation completed. This is usually caused by different threads using the same instance of DbContext. For more information on how to avoid threading issues with DbContext, see https://go.microsoft.com/fwlink/?linkid=2097913.
2020-07-07T16:43:56.5070331+05:30 [ERR] () A second operation started on this context before a previous operation completed. This is usually caused by different threads using the same instance of DbContext. For more information on how to avoid threading issues with DbContext, see https://go.microsoft.com/fwlink/?linkid=2097913.
2020-07-07T16:44:28.5126987+05:30 [ERR] () A second operation started on this context before a previous operation completed. This is usually caused by different threads using the same instance of DbContext. For more information on how to avoid threading issues with DbContext, see https://go.microsoft.com/fwlink/?linkid=2097913.
2020-07-07T16:45:42.0257850+05:30 [ERR] () A second operation started on this context before a previous operation completed. This is usually caused by different threads using the same instance of DbContext. For more information on how to avoid threading issues with DbContext, see https://go.microsoft.com/fwlink/?linkid=2097913.
2020-07-07T16:46:09.6455253+05:30 [ERR] () A second operation started on this context before a previous operation completed. This is usually caused by different threads using the same instance of DbContext. For more information on how to avoid threading issues with DbContext, see https://go.microsoft.com/fwlink/?linkid=2097913.
2020-07-07T16:52:17.9991048+05:30 [ERR] () A second operation started on this context before a previous operation completed. This is usually caused by different threads using the same instance of DbContext. For more information on how to avoid threading issues with DbContext, see https://go.microsoft.com/fwlink/?linkid=2097913.
2020-07-07T16:52:18.1542742+05:30 [ERR] () A second operation started on this context before a previous operation completed. This is usually caused by different threads using the same instance of DbContext. For more information on how to avoid threading issues with DbContext, see https://go.microsoft.com/fwlink/?linkid=2097913.
2020-07-07T16:52:18.1543303+05:30 [ERR] () A second operation started on this context before a previous operation completed. This is usually caused by different threads using the same instance of DbContext. For more information on how to avoid threading issues with DbContext, see https://go.microsoft.com/fwlink/?linkid=2097913.
2020-07-07T16:54:23.3704806+05:30 [ERR] () A second operation started on this context before a previous operation completed. This is usually caused by different threads using the same instance of DbContext. For more information on how to avoid threading issues with DbContext, see https://go.microsoft.com/fwlink/?linkid=2097913.
2020-07-07T16:54:23.6014783+05:30 [ERR] () A second operation started on this context before a previous operation completed. This is usually caused by different threads using the same instance of DbContext. For more information on how to avoid threading issues with DbContext, see https://go.microsoft.com/fwlink/?linkid=2097913.
2020-07-07T16:54:45.8316260+05:30 [ERR] () A second operation started on this context before a previous operation completed. This is usually caused by different threads using the same instance of DbContext. For more information on how to avoid threading issues with DbContext, see https://go.microsoft.com/fwlink/?linkid=2097913.
2020-07-07T16:55:39.5907809+05:30 [ERR] () A second operation started on this context before a previous operation completed. This is usually caused by different threads using the same instance of DbContext. For more information on how to avoid threading issues with DbContext, see https://go.microsoft.com/fwlink/?linkid=2097913.
2020-07-07T16:55:53.0833737+05:30 [ERR] () A second operation started on this context before a previous operation completed. This is usually caused by different threads using the same instance of DbContext. For more information on how to avoid threading issues with DbContext, see https://go.microsoft.com/fwlink/?linkid=2097913.
2020-07-07T16:58:21.5414632+05:30 [ERR] () A second operation started on this context before a previous operation completed. This is usually caused by different threads using the same instance of DbContext. For more information on how to avoid threading issues with DbContext, see https://go.microsoft.com/fwlink/?linkid=2097913.
2020-07-07T16:58:21.8311224+05:30 [ERR] () A second operation started on this context before a previous operation completed. This is usually caused by different threads using the same instance of DbContext. For more information on how to avoid threading issues with DbContext, see https://go.microsoft.com/fwlink/?linkid=2097913.
2020-07-07T16:58:28.6044440+05:30 [ERR] () A second operation started on this context before a previous operation completed. This is usually caused by different threads using the same instance of DbContext. For more information on how to avoid threading issues with DbContext, see https://go.microsoft.com/fwlink/?linkid=2097913.
2020-07-07T16:58:40.2115751+05:30 [ERR] () A second operation started on this context before a previous operation completed. This is usually caused by different threads using the same instance of DbContext. For more information on how to avoid threading issues with DbContext, see https://go.microsoft.com/fwlink/?linkid=2097913.
2020-07-07T17:00:13.9358151+05:30 [ERR] () A second operation started on this context before a previous operation completed. This is usually caused by different threads using the same instance of DbContext. For more information on how to avoid threading issues with DbContext, see https://go.microsoft.com/fwlink/?linkid=2097913.
2020-07-07T17:02:50.7973762+05:30 [ERR] () A second operation started on this context before a previous operation completed. This is usually caused by different threads using the same instance of DbContext. For more information on how to avoid threading issues with DbContext, see https://go.microsoft.com/fwlink/?linkid=2097913.
2020-07-07T17:02:51.0772674+05:30 [ERR] () A second operation started on this context before a previous operation completed. This is usually caused by different threads using the same instance of DbContext. For more information on how to avoid threading issues with DbContext, see https://go.microsoft.com/fwlink/?linkid=2097913.
2020-07-07T17:03:19.7209663+05:30 [ERR] () A second operation started on this context before a previous operation completed. This is usually caused by different threads using the same instance of DbContext. For more information on how to avoid threading issues with DbContext, see https://go.microsoft.com/fwlink/?linkid=2097913.
2020-07-07T17:13:15.1979854+05:30 [ERR] () A second operation started on this context before a previous operation completed. This is usually caused by different threads using the same instance of DbContext. For more information on how to avoid threading issues with DbContext, see https://go.microsoft.com/fwlink/?linkid=2097913.
2020-07-07T17:13:15.7343710+05:30 [ERR] () A second operation started on this context before a previous operation completed. This is usually caused by different threads using the same instance of DbContext. For more information on how to avoid threading issues with DbContext, see https://go.microsoft.com/fwlink/?linkid=2097913.
2020-07-07T17:13:40.3455574+05:30 [ERR] () A second operation started on this context before a previous operation completed. This is usually caused by different threads using the same instance of DbContext. For more information on how to avoid threading issues with DbContext, see https://go.microsoft.com/fwlink/?linkid=2097913.
2020-07-07T17:16:00.5984418+05:30 [ERR] () A second operation started on this context before a previous operation completed. This is usually caused by different threads using the same instance of DbContext. For more information on how to avoid threading issues with DbContext, see https://go.microsoft.com/fwlink/?linkid=2097913.
2020-07-07T17:16:07.5270095+05:30 [ERR] () A second operation started on this context before a previous operation completed. This is usually caused by different threads using the same instance of DbContext. For more information on how to avoid threading issues with DbContext, see https://go.microsoft.com/fwlink/?linkid=2097913.
2020-07-07T17:16:08.1879538+05:30 [ERR] () A second operation started on this context before a previous operation completed. This is usually caused by different threads using the same instance of DbContext. For more information on how to avoid threading issues with DbContext, see https://go.microsoft.com/fwlink/?linkid=2097913.
2020-07-07T17:16:28.7283471+05:30 [ERR] () A second operation started on this context before a previous operation completed. This is usually caused by different threads using the same instance of DbContext. For more information on how to avoid threading issues with DbContext, see https://go.microsoft.com/fwlink/?linkid=2097913.
2020-07-07T17:16:29.1914327+05:30 [ERR] () A second operation started on this context before a previous operation completed. This is usually caused by different threads using the same instance of DbContext. For more information on how to avoid threading issues with DbContext, see https://go.microsoft.com/fwlink/?linkid=2097913.
2020-07-07T17:16:36.0588241+05:30 [ERR] () A second operation started on this context before a previous operation completed. This is usually caused by different threads using the same instance of DbContext. For more information on how to avoid threading issues with DbContext, see https://go.microsoft.com/fwlink/?linkid=2097913.
2020-07-07T17:16:47.4744399+05:30 [ERR] () A second operation started on this context before a previous operation completed. This is usually caused by different threads using the same instance of DbContext. For more information on how to avoid threading issues with DbContext, see https://go.microsoft.com/fwlink/?linkid=2097913.
2020-07-07T17:17:25.7478646+05:30 [ERR] () A second operation started on this context before a previous operation completed. This is usually caused by different threads using the same instance of DbContext. For more information on how to avoid threading issues with DbContext, see https://go.microsoft.com/fwlink/?linkid=2097913.
2020-07-07T17:17:26.1491803+05:30 [ERR] () A second operation started on this context before a previous operation completed. This is usually caused by different threads using the same instance of DbContext. For more information on how to avoid threading issues with DbContext, see https://go.microsoft.com/fwlink/?linkid=2097913.
2020-07-07T17:18:51.0915449+05:30 [ERR] () A second operation started on this context before a previous operation completed. This is usually caused by different threads using the same instance of DbContext. For more information on how to avoid threading issues with DbContext, see https://go.microsoft.com/fwlink/?linkid=2097913.
2020-07-07T17:19:46.0413750+05:30 [ERR] () A second operation started on this context before a previous operation completed. This is usually caused by different threads using the same instance of DbContext. For more information on how to avoid threading issues with DbContext, see https://go.microsoft.com/fwlink/?linkid=2097913.
2020-07-07T17:19:46.5200085+05:30 [ERR] () A second operation started on this context before a previous operation completed. This is usually caused by different threads using the same instance of DbContext. For more information on how to avoid threading issues with DbContext, see https://go.microsoft.com/fwlink/?linkid=2097913.
2020-07-07T17:20:17.8629483+05:30 [ERR] () A second operation started on this context before a previous operation completed. This is usually caused by different threads using the same instance of DbContext. For more information on how to avoid threading issues with DbContext, see https://go.microsoft.com/fwlink/?linkid=2097913.
2020-07-07T17:20:33.1252036+05:30 [ERR] () A second operation started on this context before a previous operation completed. This is usually caused by different threads using the same instance of DbContext. For more information on how to avoid threading issues with DbContext, see https://go.microsoft.com/fwlink/?linkid=2097913.
2020-07-07T17:21:02.9051828+05:30 [ERR] () A second operation started on this context before a previous operation completed. This is usually caused by different threads using the same instance of DbContext. For more information on how to avoid threading issues with DbContext, see https://go.microsoft.com/fwlink/?linkid=2097913.
2020-07-07T17:21:02.9391732+05:30 [ERR] () A second operation started on this context before a previous operation completed. This is usually caused by different threads using the same instance of DbContext. For more information on how to avoid threading issues with DbContext, see https://go.microsoft.com/fwlink/?linkid=2097913.
2020-07-07T17:23:07.4878087+05:30 [ERR] () A second operation started on this context before a previous operation completed. This is usually caused by different threads using the same instance of DbContext. For more information on how to avoid threading issues with DbContext, see https://go.microsoft.com/fwlink/?linkid=2097913.
2020-07-07T17:23:25.0784140+05:30 [ERR] () A second operation started on this context before a previous operation completed. This is usually caused by different threads using the same instance of DbContext. For more information on how to avoid threading issues with DbContext, see https://go.microsoft.com/fwlink/?linkid=2097913.
2020-07-07T17:23:34.0328819+05:30 [ERR] () A second operation started on this context before a previous operation completed. This is usually caused by different threads using the same instance of DbContext. For more information on how to avoid threading issues with DbContext, see https://go.microsoft.com/fwlink/?linkid=2097913.
2020-07-07T17:23:48.0378916+05:30 [ERR] () A second operation started on this context before a previous operation completed. This is usually caused by different threads using the same instance of DbContext. For more information on how to avoid threading issues with DbContext, see https://go.microsoft.com/fwlink/?linkid=2097913.
2020-07-07T17:23:55.1369148+05:30 [ERR] () A second operation started on this context before a previous operation completed. This is usually caused by different threads using the same instance of DbContext. For more information on how to avoid threading issues with DbContext, see https://go.microsoft.com/fwlink/?linkid=2097913.
2020-07-07T17:23:58.8409535+05:30 [ERR] () A second operation started on this context before a previous operation completed. This is usually caused by different threads using the same instance of DbContext. For more information on how to avoid threading issues with DbContext, see https://go.microsoft.com/fwlink/?linkid=2097913.
2020-07-07T17:23:59.7586953+05:30 [ERR] () A second operation started on this context before a previous operation completed. This is usually caused by different threads using the same instance of DbContext. For more information on how to avoid threading issues with DbContext, see https://go.microsoft.com/fwlink/?linkid=2097913.
2020-07-07T17:24:40.0919699+05:30 [ERR] () A second operation started on this context before a previous operation completed. This is usually caused by different threads using the same instance of DbContext. For more information on how to avoid threading issues with DbContext, see https://go.microsoft.com/fwlink/?linkid=2097913.
2020-07-07T17:25:00.0048779+05:30 [ERR] () A second operation started on this context before a previous operation completed. This is usually caused by different threads using the same instance of DbContext. For more information on how to avoid threading issues with DbContext, see https://go.microsoft.com/fwlink/?linkid=2097913.
2020-07-07T17:25:15.0326278+05:30 [ERR] () A second operation started on this context before a previous operation completed. This is usually caused by different threads using the same instance of DbContext. For more information on how to avoid threading issues with DbContext, see https://go.microsoft.com/fwlink/?linkid=2097913.
2020-07-07T17:25:19.2712551+05:30 [ERR] () A second operation started on this context before a previous operation completed. This is usually caused by different threads using the same instance of DbContext. For more information on how to avoid threading issues with DbContext, see https://go.microsoft.com/fwlink/?linkid=2097913.
2020-07-07T17:25:19.9657730+05:30 [ERR] () A second operation started on this context before a previous operation completed. This is usually caused by different threads using the same instance of DbContext. For more information on how to avoid threading issues with DbContext, see https://go.microsoft.com/fwlink/?linkid=2097913.
2020-07-07T17:25:25.7639435+05:30 [ERR] () A second operation started on this context before a previous operation completed. This is usually caused by different threads using the same instance of DbContext. For more information on how to avoid threading issues with DbContext, see https://go.microsoft.com/fwlink/?linkid=2097913.
2020-07-07T17:25:28.9788755+05:30 [ERR] () A second operation started on this context before a previous operation completed. This is usually caused by different threads using the same instance of DbContext. For more information on how to avoid threading issues with DbContext, see https://go.microsoft.com/fwlink/?linkid=2097913.
2020-07-07T17:25:41.5141799+05:30 [ERR] () A second operation started on this context before a previous operation completed. This is usually caused by different threads using the same instance of DbContext. For more information on how to avoid threading issues with DbContext, see https://go.microsoft.com/fwlink/?linkid=2097913.
2020-07-07T17:25:42.1925108+05:30 [ERR] () A second operation started on this context before a previous operation completed. This is usually caused by different threads using the same instance of DbContext. For more information on how to avoid threading issues with DbContext, see https://go.microsoft.com/fwlink/?linkid=2097913.
2020-07-07T17:32:52.1950507+05:30 [INF] (Microsoft.Hosting.Lifetime) Application started. Press Ctrl+C to shut down.
2020-07-07T17:32:52.3050585+05:30 [INF] (Microsoft.Hosting.Lifetime) Hosting environment: "Development"
2020-07-07T17:32:52.3091150+05:30 [INF] (Microsoft.Hosting.Lifetime) Content root path: "C:\Users\Charitha\Documents\dev\ShoppingCart\ShoppingCartApi\ShoppingCart\ShoppingCart.Api"
2020-07-07T17:33:38.8909493+05:30 [ERR] () A second operation started on this context before a previous operation completed. This is usually caused by different threads using the same instance of DbContext. For more information on how to avoid threading issues with DbContext, see https://go.microsoft.com/fwlink/?linkid=2097913.
2020-07-07T17:38:11.1603648+05:30 [ERR] () A second operation started on this context before a previous operation completed. This is usually caused by different threads using the same instance of DbContext. For more information on how to avoid threading issues with DbContext, see https://go.microsoft.com/fwlink/?linkid=2097913.
2020-07-07T17:38:11.2998547+05:30 [ERR] () A second operation started on this context before a previous operation completed. This is usually caused by different threads using the same instance of DbContext. For more information on how to avoid threading issues with DbContext, see https://go.microsoft.com/fwlink/?linkid=2097913.
2020-07-07T17:45:39.4138127+05:30 [ERR] () A second operation started on this context before a previous operation completed. This is usually caused by different threads using the same instance of DbContext. For more information on how to avoid threading issues with DbContext, see https://go.microsoft.com/fwlink/?linkid=2097913.
2020-07-07T17:45:39.8298221+05:30 [ERR] () A second operation started on this context before a previous operation completed. This is usually caused by different threads using the same instance of DbContext. For more information on how to avoid threading issues with DbContext, see https://go.microsoft.com/fwlink/?linkid=2097913.
2020-07-07T17:45:39.8919250+05:30 [ERR] () A second operation started on this context before a previous operation completed. This is usually caused by different threads using the same instance of DbContext. For more information on how to avoid threading issues with DbContext, see https://go.microsoft.com/fwlink/?linkid=2097913.
2020-07-07T17:46:51.6629416+05:30 [ERR] () A second operation started on this context before a previous operation completed. This is usually caused by different threads using the same instance of DbContext. For more information on how to avoid threading issues with DbContext, see https://go.microsoft.com/fwlink/?linkid=2097913.
2020-07-07T17:46:54.1742563+05:30 [ERR] () A second operation started on this context before a previous operation completed. This is usually caused by different threads using the same instance of DbContext. For more information on how to avoid threading issues with DbContext, see https://go.microsoft.com/fwlink/?linkid=2097913.
2020-07-07T17:46:56.1679040+05:30 [ERR] () A second operation started on this context before a previous operation completed. This is usually caused by different threads using the same instance of DbContext. For more information on how to avoid threading issues with DbContext, see https://go.microsoft.com/fwlink/?linkid=2097913.
2020-07-07T17:47:09.8628730+05:30 [INF] (Microsoft.Hosting.Lifetime) Application started. Press Ctrl+C to shut down.
2020-07-07T17:47:09.9149656+05:30 [INF] (Microsoft.Hosting.Lifetime) Hosting environment: "Development"
2020-07-07T17:47:09.9165057+05:30 [INF] (Microsoft.Hosting.Lifetime) Content root path: "C:\Users\Charitha\Documents\dev\ShoppingCart\ShoppingCartApi\ShoppingCart\ShoppingCart.Api"
2020-07-07T17:48:26.6021226+05:30 [ERR] () A second operation started on this context before a previous operation completed. This is usually caused by different threads using the same instance of DbContext. For more information on how to avoid threading issues with DbContext, see https://go.microsoft.com/fwlink/?linkid=2097913.
2020-07-07T17:49:18.9294727+05:30 [ERR] () A second operation started on this context before a previous operation completed. This is usually caused by different threads using the same instance of DbContext. For more information on how to avoid threading issues with DbContext, see https://go.microsoft.com/fwlink/?linkid=2097913.
2020-07-07T17:49:19.2747016+05:30 [ERR] () A second operation started on this context before a previous operation completed. This is usually caused by different threads using the same instance of DbContext. For more information on how to avoid threading issues with DbContext, see https://go.microsoft.com/fwlink/?linkid=2097913.
2020-07-07T17:49:35.3253283+05:30 [ERR] () A second operation started on this context before a previous operation completed. This is usually caused by different threads using the same instance of DbContext. For more information on how to avoid threading issues with DbContext, see https://go.microsoft.com/fwlink/?linkid=2097913.
2020-07-07T17:50:15.9383742+05:30 [ERR] () A second operation started on this context before a previous operation completed. This is usually caused by different threads using the same instance of DbContext. For more information on how to avoid threading issues with DbContext, see https://go.microsoft.com/fwlink/?linkid=2097913.
2020-07-07T17:50:32.7593464+05:30 [ERR] () A second operation started on this context before a previous operation completed. This is usually caused by different threads using the same instance of DbContext. For more information on how to avoid threading issues with DbContext, see https://go.microsoft.com/fwlink/?linkid=2097913.
2020-07-07T17:50:47.6453659+05:30 [ERR] () A second operation started on this context before a previous operation completed. This is usually caused by different threads using the same instance of DbContext. For more information on how to avoid threading issues with DbContext, see https://go.microsoft.com/fwlink/?linkid=2097913.
2020-07-07T17:51:04.0484151+05:30 [ERR] () BeginExecuteReader requires an open and available Connection. The connection's current state is open.
2020-07-07T17:51:36.8344110+05:30 [ERR] () A second operation started on this context before a previous operation completed. This is usually caused by different threads using the same instance of DbContext. For more information on how to avoid threading issues with DbContext, see https://go.microsoft.com/fwlink/?linkid=2097913.
2020-07-07T17:51:38.7500551+05:30 [ERR] () A second operation started on this context before a previous operation completed. This is usually caused by different threads using the same instance of DbContext. For more information on how to avoid threading issues with DbContext, see https://go.microsoft.com/fwlink/?linkid=2097913.
2020-07-07T17:52:44.0051834+05:30 [ERR] () A second operation started on this context before a previous operation completed. This is usually caused by different threads using the same instance of DbContext. For more information on how to avoid threading issues with DbContext, see https://go.microsoft.com/fwlink/?linkid=2097913.
2020-07-07T17:52:44.3836580+05:30 [ERR] () BeginExecuteReader requires an open and available Connection. The connection's current state is closed.
2020-07-07T17:52:53.2517401+05:30 [ERR] () A second operation started on this context before a previous operation completed. This is usually caused by different threads using the same instance of DbContext. For more information on how to avoid threading issues with DbContext, see https://go.microsoft.com/fwlink/?linkid=2097913.
2020-07-07T17:53:09.7996790+05:30 [INF] (Microsoft.Hosting.Lifetime) Application started. Press Ctrl+C to shut down.
2020-07-07T17:53:09.8531152+05:30 [INF] (Microsoft.Hosting.Lifetime) Hosting environment: "Development"
2020-07-07T17:53:09.8543683+05:30 [INF] (Microsoft.Hosting.Lifetime) Content root path: "C:\Users\Charitha\Documents\dev\ShoppingCart\ShoppingCartApi\ShoppingCart\ShoppingCart.Api"
2020-07-07T17:53:25.5047856+05:30 [ERR] () A second operation started on this context before a previous operation completed. This is usually caused by different threads using the same instance of DbContext. For more information on how to avoid threading issues with DbContext, see https://go.microsoft.com/fwlink/?linkid=2097913.
2020-07-07T17:53:27.0787761+05:30 [ERR] () A second operation started on this context before a previous operation completed. This is usually caused by different threads using the same instance of DbContext. For more information on how to avoid threading issues with DbContext, see https://go.microsoft.com/fwlink/?linkid=2097913.
2020-07-07T17:53:28.5927089+05:30 [ERR] () A second operation started on this context before a previous operation completed. This is usually caused by different threads using the same instance of DbContext. For more information on how to avoid threading issues with DbContext, see https://go.microsoft.com/fwlink/?linkid=2097913.
2020-07-07T17:54:21.2209176+05:30 [ERR] () A second operation started on this context before a previous operation completed. This is usually caused by different threads using the same instance of DbContext. For more information on how to avoid threading issues with DbContext, see https://go.microsoft.com/fwlink/?linkid=2097913.
2020-07-07T17:54:44.8347551+05:30 [ERR] () A second operation started on this context before a previous operation completed. This is usually caused by different threads using the same instance of DbContext. For more information on how to avoid threading issues with DbContext, see https://go.microsoft.com/fwlink/?linkid=2097913.
2020-07-07T17:54:49.0503983+05:30 [ERR] () A second operation started on this context before a previous operation completed. This is usually caused by different threads using the same instance of DbContext. For more information on how to avoid threading issues with DbContext, see https://go.microsoft.com/fwlink/?linkid=2097913.
2020-07-07T18:32:07.7291190+05:30 [INF] (Microsoft.Hosting.Lifetime) Application started. Press Ctrl+C to shut down.
2020-07-07T18:32:07.8436424+05:30 [INF] (Microsoft.Hosting.Lifetime) Hosting environment: "Development"
2020-07-07T18:32:07.8449918+05:30 [INF] (Microsoft.Hosting.Lifetime) Content root path: "C:\Users\Charitha\Documents\dev\ShoppingCart\ShoppingCartApi\ShoppingCart\ShoppingCart.Api"
2020-07-07T18:32:47.8749934+05:30 [ERR] () A second operation started on this context before a previous operation completed. This is usually caused by different threads using the same instance of DbContext. For more information on how to avoid threading issues with DbContext, see https://go.microsoft.com/fwlink/?linkid=2097913.
2020-07-07T18:32:49.9734264+05:30 [ERR] () A second operation started on this context before a previous operation completed. This is usually caused by different threads using the same instance of DbContext. For more information on how to avoid threading issues with DbContext, see https://go.microsoft.com/fwlink/?linkid=2097913.
2020-07-07T18:45:22.6273706+05:30 [INF] (Microsoft.Hosting.Lifetime) Application started. Press Ctrl+C to shut down.
2020-07-07T18:45:22.6812456+05:30 [INF] (Microsoft.Hosting.Lifetime) Hosting environment: "Development"
2020-07-07T18:45:22.6822987+05:30 [INF] (Microsoft.Hosting.Lifetime) Content root path: "C:\Users\Charitha\Documents\dev\ShoppingCart\ShoppingCartApi\ShoppingCart\ShoppingCart.Api"
2020-07-07T19:03:53.3117958+05:30 [INF] (Microsoft.Hosting.Lifetime) Application started. Press Ctrl+C to shut down.
2020-07-07T19:03:53.4437650+05:30 [INF] (Microsoft.Hosting.Lifetime) Hosting environment: "Development"
2020-07-07T19:03:53.4453123+05:30 [INF] (Microsoft.Hosting.Lifetime) Content root path: "C:\Users\Charitha\Documents\dev\ShoppingCart\ShoppingCartApi\ShoppingCart\ShoppingCart.Api"
