2020-07-19T19:59:14.6190518+05:30 [INF] (Microsoft.Hosting.Lifetime) Application started. Press Ctrl+C to shut down.
2020-07-19T19:59:14.6622600+05:30 [WRN] (Microsoft.AspNetCore.HttpsPolicy.HttpsRedirectionMiddleware) Failed to determine the https port for redirect.
2020-07-19T19:59:14.7380642+05:30 [INF] (Microsoft.Hosting.Lifetime) Hosting environment: "Development"
2020-07-19T19:59:14.7418339+05:30 [INF] (Microsoft.Hosting.Lifetime) Content root path: "C:\Users\Charitha\Documents\dev\sample\ShoppingCart\ShoppingCart.Api"
2020-07-19T20:03:47.5173113+05:30 [INF] (Microsoft.Hosting.Lifetime) Application started. Press Ctrl+C to shut down.
2020-07-19T20:03:47.5515354+05:30 [WRN] (Microsoft.AspNetCore.HttpsPolicy.HttpsRedirectionMiddleware) Failed to determine the https port for redirect.
2020-07-19T20:03:47.5943801+05:30 [INF] (Microsoft.Hosting.Lifetime) Hosting environment: "Development"
2020-07-19T20:03:47.5958183+05:30 [INF] (Microsoft.Hosting.Lifetime) Content root path: "C:\Users\Charitha\Documents\dev\sample\ShoppingCart\ShoppingCart.Api"
2020-07-19T20:50:16.4126047+05:30 [INF] (Microsoft.Hosting.Lifetime) Application started. Press Ctrl+C to shut down.
2020-07-19T20:50:16.4454421+05:30 [WRN] (Microsoft.AspNetCore.HttpsPolicy.HttpsRedirectionMiddleware) Failed to determine the https port for redirect.
2020-07-19T20:50:16.4780124+05:30 [INF] (Microsoft.Hosting.Lifetime) Hosting environment: "Development"
2020-07-19T20:50:16.4792061+05:30 [INF] (Microsoft.Hosting.Lifetime) Content root path: "C:\Users\Charitha\Documents\dev\sample\ShoppingCart\ShoppingCart.Api"
2020-07-19T20:50:16.7587806+05:30 [ERR] (Microsoft.AspNetCore.Diagnostics.DeveloperExceptionPageMiddleware) An unhandled exception has occurred while executing the request.
System.InvalidOperationException: Unable to resolve service for type 'ShoppingCart.Business.Interfaces.ICategoriesManager' while attempting to activate 'ShoppingCart.Api.Controllers.CategoryController'.
   at Microsoft.Extensions.DependencyInjection.ActivatorUtilities.GetService(IServiceProvider sp, Type type, Type requiredBy, Boolean isDefaultParameterRequired)
   at lambda_method(Closure , IServiceProvider , Object[] )
   at Microsoft.AspNetCore.Mvc.Controllers.ControllerActivatorProvider.<>c__DisplayClass4_0.<CreateActivator>b__0(ControllerContext controllerContext)
   at Microsoft.AspNetCore.Mvc.Controllers.ControllerFactoryProvider.<>c__DisplayClass5_0.<CreateControllerFactory>g__CreateController|0(ControllerContext controllerContext)
   at Microsoft.AspNetCore.Mvc.Infrastructure.ControllerActionInvoker.Next(State& next, Scope& scope, Object& state, Boolean& isCompleted)
   at Microsoft.AspNetCore.Mvc.Infrastructure.ControllerActionInvoker.InvokeInnerFilterAsync()
--- End of stack trace from previous location where exception was thrown ---
   at Microsoft.AspNetCore.Mvc.Infrastructure.ResourceInvoker.<InvokeFilterPipelineAsync>g__Awaited|19_0(ResourceInvoker invoker, Task lastTask, State next, Scope scope, Object state, Boolean isCompleted)
   at Microsoft.AspNetCore.Mvc.Infrastructure.ResourceInvoker.<InvokeAsync>g__Awaited|17_0(ResourceInvoker invoker, Task task, IDisposable scope)
   at Microsoft.AspNetCore.Routing.EndpointMiddleware.<Invoke>g__AwaitRequestTask|6_0(Endpoint endpoint, Task requestTask, ILogger logger)
   at Microsoft.AspNetCore.Authorization.AuthorizationMiddleware.Invoke(HttpContext context)
   at Microsoft.AspNetCore.Diagnostics.DeveloperExceptionPageMiddleware.Invoke(HttpContext context)
2020-07-19T20:52:02.1519840+05:30 [INF] (Microsoft.Hosting.Lifetime) Application started. Press Ctrl+C to shut down.
2020-07-19T20:52:02.1725204+05:30 [WRN] (Microsoft.AspNetCore.HttpsPolicy.HttpsRedirectionMiddleware) Failed to determine the https port for redirect.
2020-07-19T20:52:02.2020429+05:30 [INF] (Microsoft.Hosting.Lifetime) Hosting environment: "Development"
2020-07-19T20:52:02.2028898+05:30 [INF] (Microsoft.Hosting.Lifetime) Content root path: "C:\Users\Charitha\Documents\dev\sample\ShoppingCart\ShoppingCart.Api"
2020-07-19T20:52:02.2495920+05:30 [ERR] (Microsoft.AspNetCore.Diagnostics.DeveloperExceptionPageMiddleware) An unhandled exception has occurred while executing the request.
System.InvalidOperationException: Unable to resolve service for type 'ShoppingCart.Business.Interfaces.ICategoriesManager' while attempting to activate 'ShoppingCart.Api.Controllers.CategoryController'.
   at Microsoft.Extensions.DependencyInjection.ActivatorUtilities.GetService(IServiceProvider sp, Type type, Type requiredBy, Boolean isDefaultParameterRequired)
   at lambda_method(Closure , IServiceProvider , Object[] )
   at Microsoft.AspNetCore.Mvc.Controllers.ControllerActivatorProvider.<>c__DisplayClass4_0.<CreateActivator>b__0(ControllerContext controllerContext)
   at Microsoft.AspNetCore.Mvc.Controllers.ControllerFactoryProvider.<>c__DisplayClass5_0.<CreateControllerFactory>g__CreateController|0(ControllerContext controllerContext)
   at Microsoft.AspNetCore.Mvc.Infrastructure.ControllerActionInvoker.Next(State& next, Scope& scope, Object& state, Boolean& isCompleted)
   at Microsoft.AspNetCore.Mvc.Infrastructure.ControllerActionInvoker.InvokeInnerFilterAsync()
--- End of stack trace from previous location where exception was thrown ---
   at Microsoft.AspNetCore.Mvc.Infrastructure.ResourceInvoker.<InvokeFilterPipelineAsync>g__Awaited|19_0(ResourceInvoker invoker, Task lastTask, State next, Scope scope, Object state, Boolean isCompleted)
   at Microsoft.AspNetCore.Mvc.Infrastructure.ResourceInvoker.<InvokeAsync>g__Awaited|17_0(ResourceInvoker invoker, Task task, IDisposable scope)
   at Microsoft.AspNetCore.Routing.EndpointMiddleware.<Invoke>g__AwaitRequestTask|6_0(Endpoint endpoint, Task requestTask, ILogger logger)
   at Microsoft.AspNetCore.Authorization.AuthorizationMiddleware.Invoke(HttpContext context)
   at Microsoft.AspNetCore.Diagnostics.DeveloperExceptionPageMiddleware.Invoke(HttpContext context)
2020-07-19T20:53:40.6869258+05:30 [INF] (Microsoft.Hosting.Lifetime) Application started. Press Ctrl+C to shut down.
2020-07-19T20:53:40.7130798+05:30 [WRN] (Microsoft.AspNetCore.HttpsPolicy.HttpsRedirectionMiddleware) Failed to determine the https port for redirect.
2020-07-19T20:53:40.7404200+05:30 [INF] (Microsoft.Hosting.Lifetime) Hosting environment: "Development"
2020-07-19T20:53:40.7413218+05:30 [INF] (Microsoft.Hosting.Lifetime) Content root path: "C:\Users\Charitha\Documents\dev\sample\ShoppingCart\ShoppingCart.Api"
2020-07-19T21:16:44.4090004+05:30 [INF] (Microsoft.Hosting.Lifetime) Application started. Press Ctrl+C to shut down.
2020-07-19T21:16:44.4496653+05:30 [WRN] (Microsoft.AspNetCore.HttpsPolicy.HttpsRedirectionMiddleware) Failed to determine the https port for redirect.
2020-07-19T21:16:44.5065466+05:30 [INF] (Microsoft.Hosting.Lifetime) Hosting environment: "Development"
2020-07-19T21:16:44.5076339+05:30 [INF] (Microsoft.Hosting.Lifetime) Content root path: "C:\Users\Charitha\Documents\dev\sample\ShoppingCart\ShoppingCart.Api"
2020-07-19T21:54:58.0624184+05:30 [INF] (Microsoft.Hosting.Lifetime) Application started. Press Ctrl+C to shut down.
2020-07-19T21:54:58.0817597+05:30 [WRN] (Microsoft.AspNetCore.HttpsPolicy.HttpsRedirectionMiddleware) Failed to determine the https port for redirect.
2020-07-19T21:54:58.1084044+05:30 [INF] (Microsoft.Hosting.Lifetime) Hosting environment: "Development"
2020-07-19T21:54:58.1092758+05:30 [INF] (Microsoft.Hosting.Lifetime) Content root path: "C:\Users\Charitha\Documents\dev\sample\ShoppingCart\ShoppingCart.Api"
2020-07-19T21:58:40.4108082+05:30 [INF] (Microsoft.Hosting.Lifetime) Application started. Press Ctrl+C to shut down.
2020-07-19T21:58:40.4384093+05:30 [WRN] (Microsoft.AspNetCore.HttpsPolicy.HttpsRedirectionMiddleware) Failed to determine the https port for redirect.
2020-07-19T21:58:40.4660771+05:30 [INF] (Microsoft.Hosting.Lifetime) Hosting environment: "Development"
2020-07-19T21:58:40.4670506+05:30 [INF] (Microsoft.Hosting.Lifetime) Content root path: "C:\Users\Charitha\Documents\dev\sample\ShoppingCart\ShoppingCart.Api"
2020-07-19T22:02:13.7215263+05:30 [INF] (Microsoft.Hosting.Lifetime) Application started. Press Ctrl+C to shut down.
2020-07-19T22:02:13.7471849+05:30 [WRN] (Microsoft.AspNetCore.HttpsPolicy.HttpsRedirectionMiddleware) Failed to determine the https port for redirect.
2020-07-19T22:02:13.7759817+05:30 [INF] (Microsoft.Hosting.Lifetime) Hosting environment: "Development"
2020-07-19T22:02:13.7770709+05:30 [INF] (Microsoft.Hosting.Lifetime) Content root path: "C:\Users\Charitha\Documents\dev\sample\ShoppingCart\ShoppingCart.Api"
2020-07-19T22:04:33.6397341+05:30 [INF] (Microsoft.Hosting.Lifetime) Application started. Press Ctrl+C to shut down.
2020-07-19T22:04:33.6604524+05:30 [WRN] (Microsoft.AspNetCore.HttpsPolicy.HttpsRedirectionMiddleware) Failed to determine the https port for redirect.
2020-07-19T22:04:33.6897832+05:30 [INF] (Microsoft.Hosting.Lifetime) Hosting environment: "Development"
2020-07-19T22:04:33.6908094+05:30 [INF] (Microsoft.Hosting.Lifetime) Content root path: "C:\Users\Charitha\Documents\dev\sample\ShoppingCart\ShoppingCart.Api"
2020-07-19T22:12:44.0657348+05:30 [INF] (Microsoft.Hosting.Lifetime) Application started. Press Ctrl+C to shut down.
2020-07-19T22:12:44.0933523+05:30 [WRN] (Microsoft.AspNetCore.HttpsPolicy.HttpsRedirectionMiddleware) Failed to determine the https port for redirect.
2020-07-19T22:12:44.1198040+05:30 [INF] (Microsoft.Hosting.Lifetime) Hosting environment: "Development"
2020-07-19T22:12:44.1207040+05:30 [INF] (Microsoft.Hosting.Lifetime) Content root path: "C:\Users\Charitha\Documents\dev\sample\ShoppingCart\ShoppingCart.Api"
2020-07-19T22:22:25.0941304+05:30 [INF] (Microsoft.Hosting.Lifetime) Application started. Press Ctrl+C to shut down.
2020-07-19T22:22:25.1169684+05:30 [WRN] (Microsoft.AspNetCore.HttpsPolicy.HttpsRedirectionMiddleware) Failed to determine the https port for redirect.
2020-07-19T22:22:25.1424104+05:30 [INF] (Microsoft.Hosting.Lifetime) Hosting environment: "Development"
2020-07-19T22:22:25.1436728+05:30 [INF] (Microsoft.Hosting.Lifetime) Content root path: "C:\Users\Charitha\Documents\dev\sample\ShoppingCart\ShoppingCart.Api"
2020-07-19T23:20:42.4214205+05:30 [INF] (Microsoft.Hosting.Lifetime) Application started. Press Ctrl+C to shut down.
2020-07-19T23:20:42.4498236+05:30 [WRN] (Microsoft.AspNetCore.HttpsPolicy.HttpsRedirectionMiddleware) Failed to determine the https port for redirect.
2020-07-19T23:20:42.4890034+05:30 [INF] (Microsoft.Hosting.Lifetime) Hosting environment: "Development"
2020-07-19T23:20:42.4903697+05:30 [INF] (Microsoft.Hosting.Lifetime) Content root path: "C:\Users\Charitha\Documents\dev\sample\ShoppingCart\ShoppingCart.Api"
